<?xml version="1.0" encoding="UTF-8"?>
<!-- Generated by org.testng.reporters.JUnitReportReporter -->
<testsuite skipped="3" hostname="LAPTOP-M7E66H8V" name="Maven_May.MayMAven.Test_1" tests="4" failures="0" timestamp="2021-05-01T16:51:13 IST" time="4.190" errors="1">
  <testcase name="Test2" time="0.000" classname="Maven_May.MayMAven.Test_1">
    <skipped/>
  </testcase> <!-- Test2 -->
  <system-out/>
  <testcase name="BC" time="4.190" classname="Maven_May.MayMAven.Test_1">
    <error type="org.openqa.selenium.WebDriverException" message="unknown error: cannot find Chrome binary
Build info: version: &#039;3.141.59&#039;, revision: &#039;e82be7d358&#039;, time: &#039;2018-11-14T08:17:03&#039;
System info: host: &#039;LAPTOP-M7E66H8V&#039;, ip: &#039;192.168.43.69&#039;, os.name: &#039;Windows 10&#039;, os.arch: &#039;amd64&#039;, os.version: &#039;10.0&#039;, java.version: &#039;1.8.0_144&#039;
Driver info: driver.version: ChromeDriver
remote stacktrace: Backtrace:
	Ordinal0 [0x00C5C013+2474003]
	Ordinal0 [0x00BF29C1+2042305]
	Ordinal0 [0x00B02F68+1060712]
	Ordinal0 [0x00B1C626+1164838]
	Ordinal0 [0x00B1AA83+1157763]
	Ordinal0 [0x00B4A2A2+1352354]
	Ordinal0 [0x00B48FAA+1347498]
	Ordinal0 [0x00B466DB+1337051]
	Ordinal0 [0x00B23427+1192999]
	Ordinal0 [0x00B242EE+1196782]
	Ordinal0 [0x00B24279+1196665]
	GetHandleVerifier [0x00DE96FC+1590332]
	GetHandleVerifier [0x00E98614+2306900]
	GetHandleVerifier [0x00CE9E93+543699]
	GetHandleVerifier [0x00CE92CE+540686]
	Ordinal0 [0x00BF86BA+2066106]
	Ordinal0 [0x00BFD1C8+2085320]
	Ordinal0 [0x00BFD308+2085640]
	Ordinal0 [0x00C067F3+2123763]
	BaseThreadInitThunk [0x76E9FA29+25]
	RtlGetAppContainerNamedObjectPath [0x77447A4E+286]
	RtlGetAppContainerNamedObjectPath [0x77447A1E+238]
">
      <![CDATA[org.openqa.selenium.WebDriverException: unknown error: cannot find Chrome binary
Build info: version: '3.141.59', revision: 'e82be7d358', time: '2018-11-14T08:17:03'
System info: host: 'LAPTOP-M7E66H8V', ip: '192.168.43.69', os.name: 'Windows 10', os.arch: 'amd64', os.version: '10.0', java.version: '1.8.0_144'
Driver info: driver.version: ChromeDriver
remote stacktrace: Backtrace:
Ordinal0 [0x00C5C013+2474003]
Ordinal0 [0x00BF29C1+2042305]
Ordinal0 [0x00B02F68+1060712]
Ordinal0 [0x00B1C626+1164838]
Ordinal0 [0x00B1AA83+1157763]
Ordinal0 [0x00B4A2A2+1352354]
Ordinal0 [0x00B48FAA+1347498]
Ordinal0 [0x00B466DB+1337051]
Ordinal0 [0x00B23427+1192999]
Ordinal0 [0x00B242EE+1196782]
Ordinal0 [0x00B24279+1196665]
GetHandleVerifier [0x00DE96FC+1590332]
GetHandleVerifier [0x00E98614+2306900]
GetHandleVerifier [0x00CE9E93+543699]
GetHandleVerifier [0x00CE92CE+540686]
Ordinal0 [0x00BF86BA+2066106]
Ordinal0 [0x00BFD1C8+2085320]
Ordinal0 [0x00BFD308+2085640]
Ordinal0 [0x00C067F3+2123763]
BaseThreadInitThunk [0x76E9FA29+25]
RtlGetAppContainerNamedObjectPath [0x77447A4E+286]
RtlGetAppContainerNamedObjectPath [0x77447A1E+238]

at sun.reflect.NativeConstructorAccessorImpl.newInstance0(Native Method)
at sun.reflect.NativeConstructorAccessorImpl.newInstance(NativeConstructorAccessorImpl.java:62)
at sun.reflect.DelegatingConstructorAccessorImpl.newInstance(DelegatingConstructorAccessorImpl.java:45)
at java.lang.reflect.Constructor.newInstance(Constructor.java:423)
at org.openqa.selenium.remote.W3CHandshakeResponse.lambda$errorHandler$0(W3CHandshakeResponse.java:62)
at org.openqa.selenium.remote.HandshakeResponse.lambda$getResponseFunction$0(HandshakeResponse.java:30)
at org.openqa.selenium.remote.ProtocolHandshake.lambda$createSession$0(ProtocolHandshake.java:126)
at java.util.stream.ReferencePipeline$3$1.accept(ReferencePipeline.java:193)
at java.util.Spliterators$ArraySpliterator.tryAdvance(Spliterators.java:958)
at java.util.stream.ReferencePipeline.forEachWithCancel(ReferencePipeline.java:126)
at java.util.stream.AbstractPipeline.copyIntoWithCancel(AbstractPipeline.java:498)
at java.util.stream.AbstractPipeline.copyInto(AbstractPipeline.java:485)
at java.util.stream.AbstractPipeline.wrapAndCopyInto(AbstractPipeline.java:471)
at java.util.stream.FindOps$FindOp.evaluateSequential(FindOps.java:152)
at java.util.stream.AbstractPipeline.evaluate(AbstractPipeline.java:234)
at java.util.stream.ReferencePipeline.findFirst(ReferencePipeline.java:464)
at org.openqa.selenium.remote.ProtocolHandshake.createSession(ProtocolHandshake.java:128)
at org.openqa.selenium.remote.ProtocolHandshake.createSession(ProtocolHandshake.java:74)
at org.openqa.selenium.remote.HttpCommandExecutor.execute(HttpCommandExecutor.java:136)
at org.openqa.selenium.remote.service.DriverCommandExecutor.execute(DriverCommandExecutor.java:83)
at org.openqa.selenium.remote.RemoteWebDriver.execute(RemoteWebDriver.java:552)
at org.openqa.selenium.remote.RemoteWebDriver.startSession(RemoteWebDriver.java:213)
at org.openqa.selenium.remote.RemoteWebDriver.<init>(RemoteWebDriver.java:131)
at org.openqa.selenium.chrome.ChromeDriver.<init>(ChromeDriver.java:181)
at org.openqa.selenium.chrome.ChromeDriver.<init>(ChromeDriver.java:168)
at org.openqa.selenium.chrome.ChromeDriver.<init>(ChromeDriver.java:123)
at Maven_May.MayMAven.Class2.main(Class2.java:16)
at Maven_May.MayMAven.Test_1.BC(Test_1.java:19)
at sun.reflect.NativeMethodAccessorImpl.invoke0(Native Method)
at sun.reflect.NativeMethodAccessorImpl.invoke(NativeMethodAccessorImpl.java:62)
at sun.reflect.DelegatingMethodAccessorImpl.invoke(DelegatingMethodAccessorImpl.java:43)
at java.lang.reflect.Method.invoke(Method.java:498)
at org.testng.internal.MethodInvocationHelper.invokeMethod(MethodInvocationHelper.java:133)
at org.testng.internal.MethodInvocationHelper.invokeMethodConsideringTimeout(MethodInvocationHelper.java:62)
at org.testng.internal.ConfigInvoker.invokeConfigurationMethod(ConfigInvoker.java:385)
at org.testng.internal.ConfigInvoker.invokeConfigurations(ConfigInvoker.java:321)
at org.testng.internal.TestMethodWorker.invokeBeforeClassMethods(TestMethodWorker.java:176)
at org.testng.internal.TestMethodWorker.run(TestMethodWorker.java:122)
at java.util.ArrayList.forEach(ArrayList.java:1249)
at org.testng.TestRunner.privateRun(TestRunner.java:794)
at org.testng.TestRunner.run(TestRunner.java:596)
at org.testng.SuiteRunner.runTest(SuiteRunner.java:377)
at org.testng.SuiteRunner.runSequentially(SuiteRunner.java:371)
at org.testng.SuiteRunner.privateRun(SuiteRunner.java:332)
at org.testng.SuiteRunner.run(SuiteRunner.java:276)
at org.testng.SuiteRunnerWorker.runSuite(SuiteRunnerWorker.java:53)
at org.testng.SuiteRunnerWorker.run(SuiteRunnerWorker.java:96)
at org.testng.TestNG.runSuitesSequentially(TestNG.java:1212)
at org.testng.TestNG.runSuitesLocally(TestNG.java:1134)
at org.testng.TestNG.runSuites(TestNG.java:1063)
at org.testng.TestNG.run(TestNG.java:1031)
at org.apache.maven.surefire.testng.TestNGExecutor.run(TestNGExecutor.java:136)
at org.apache.maven.surefire.testng.TestNGDirectoryTestSuite.executeSingleClass(TestNGDirectoryTestSuite.java:112)
at org.apache.maven.surefire.testng.TestNGDirectoryTestSuite.execute(TestNGDirectoryTestSuite.java:99)
at org.apache.maven.surefire.testng.TestNGProvider.invoke(TestNGProvider.java:145)
at org.apache.maven.surefire.booter.ForkedBooter.runSuitesInProcess(ForkedBooter.java:428)
at org.apache.maven.surefire.booter.ForkedBooter.execute(ForkedBooter.java:162)
at org.apache.maven.surefire.booter.ForkedBooter.run(ForkedBooter.java:562)
at org.apache.maven.surefire.booter.ForkedBooter.main(ForkedBooter.java:548)
]]>
    </error>
  </testcase> <!-- BC -->
  <system-out/>
  <testcase name="main" time="0.000" classname="Maven_May.MayMAven.Test_1">
    <skipped/>
  </testcase> <!-- main -->
  <system-out/>
  <testcase name="Test1" time="0.000" classname="Maven_May.MayMAven.Test_1">
    <skipped/>
  </testcase> <!-- Test1 -->
  <system-out/>
</testsuite> <!-- Maven_May.MayMAven.Test_1 -->
