<?xml version="1.0" encoding="UTF-8"?>
<testsuite xmlns:xsi="http://www.w3.org/2001/XMLSchema-instance" xsi:noNamespaceSchemaLocation="https://maven.apache.org/surefire/maven-surefire-plugin/xsd/surefire-test-report-3.0.xsd" version="3.0" name="Maven_May.MayMAven.Test_1" time="5.399" tests="12" errors="0" skipped="11" failures="1">
  <properties>
    <property name="sun.desktop" value="windows"/>
    <property name="awt.toolkit" value="sun.awt.windows.WToolkit"/>
    <property name="file.encoding.pkg" value="sun.io"/>
    <property name="java.specification.version" value="1.8"/>
    <property name="webdriver.chrome.driver" value="C:\Users\AVINSH\Downloads\chromedriver.exe"/>
    <property name="sun.cpu.isalist" value="amd64"/>
    <property name="sun.jnu.encoding" value="Cp1252"/>
    <property name="java.class.path" value="C:\Users\AVINSH\git\MayMAven\target\test-classes;C:\Users\AVINSH\git\MayMAven\target\classes;C:\WINDOWS\system32\config\systemprofile\.m2\repository\org\testng\testng\7.4.0\testng-7.4.0.jar;C:\WINDOWS\system32\config\systemprofile\.m2\repository\com\beust\jcommander\1.78\jcommander-1.78.jar;C:\WINDOWS\system32\config\systemprofile\.m2\repository\org\webjars\jquery\3.5.1\jquery-3.5.1.jar;C:\WINDOWS\system32\config\systemprofile\.m2\repository\org\seleniumhq\selenium\selenium-java\3.141.59\selenium-java-3.141.59.jar;C:\WINDOWS\system32\config\systemprofile\.m2\repository\org\seleniumhq\selenium\selenium-api\3.141.59\selenium-api-3.141.59.jar;C:\WINDOWS\system32\config\systemprofile\.m2\repository\org\seleniumhq\selenium\selenium-chrome-driver\3.141.59\selenium-chrome-driver-3.141.59.jar;C:\WINDOWS\system32\config\systemprofile\.m2\repository\org\seleniumhq\selenium\selenium-edge-driver\3.141.59\selenium-edge-driver-3.141.59.jar;C:\WINDOWS\system32\config\systemprofile\.m2\repository\org\seleniumhq\selenium\selenium-firefox-driver\3.141.59\selenium-firefox-driver-3.141.59.jar;C:\WINDOWS\system32\config\systemprofile\.m2\repository\org\seleniumhq\selenium\selenium-ie-driver\3.141.59\selenium-ie-driver-3.141.59.jar;C:\WINDOWS\system32\config\systemprofile\.m2\repository\org\seleniumhq\selenium\selenium-opera-driver\3.141.59\selenium-opera-driver-3.141.59.jar;C:\WINDOWS\system32\config\systemprofile\.m2\repository\org\seleniumhq\selenium\selenium-remote-driver\3.141.59\selenium-remote-driver-3.141.59.jar;C:\WINDOWS\system32\config\systemprofile\.m2\repository\org\seleniumhq\selenium\selenium-safari-driver\3.141.59\selenium-safari-driver-3.141.59.jar;C:\WINDOWS\system32\config\systemprofile\.m2\repository\org\seleniumhq\selenium\selenium-support\3.141.59\selenium-support-3.141.59.jar;C:\WINDOWS\system32\config\systemprofile\.m2\repository\net\bytebuddy\byte-buddy\1.8.15\byte-buddy-1.8.15.jar;C:\WINDOWS\system32\config\systemprofile\.m2\repository\org\apache\commons\commons-exec\1.3\commons-exec-1.3.jar;C:\WINDOWS\system32\config\systemprofile\.m2\repository\com\google\guava\guava\25.0-jre\guava-25.0-jre.jar;C:\WINDOWS\system32\config\systemprofile\.m2\repository\com\google\code\findbugs\jsr305\1.3.9\jsr305-1.3.9.jar;C:\WINDOWS\system32\config\systemprofile\.m2\repository\org\checkerframework\checker-compat-qual\2.0.0\checker-compat-qual-2.0.0.jar;C:\WINDOWS\system32\config\systemprofile\.m2\repository\com\google\errorprone\error_prone_annotations\2.1.3\error_prone_annotations-2.1.3.jar;C:\WINDOWS\system32\config\systemprofile\.m2\repository\com\google\j2objc\j2objc-annotations\1.1\j2objc-annotations-1.1.jar;C:\WINDOWS\system32\config\systemprofile\.m2\repository\org\codehaus\mojo\animal-sniffer-annotations\1.14\animal-sniffer-annotations-1.14.jar;C:\WINDOWS\system32\config\systemprofile\.m2\repository\com\squareup\okhttp3\okhttp\3.11.0\okhttp-3.11.0.jar;C:\WINDOWS\system32\config\systemprofile\.m2\repository\com\squareup\okio\okio\1.14.0\okio-1.14.0.jar;"/>
    <property name="java.vm.vendor" value="Oracle Corporation"/>
    <property name="sun.arch.data.model" value="64"/>
    <property name="user.variant" value=""/>
    <property name="java.vendor.url" value="http://java.oracle.com/"/>
    <property name="user.timezone" value="Asia/Calcutta"/>
    <property name="java.vm.specification.version" value="1.8"/>
    <property name="os.name" value="Windows 10"/>
    <property name="user.country" value="IN"/>
    <property name="sun.java.launcher" value="SUN_STANDARD"/>
    <property name="sun.boot.library.path" value="C:\Program Files\Java\jdk1.8.0_144\jre\bin"/>
    <property name="sun.java.command" value="C:\Windows\Temp\surefire2470714087944148636\surefirebooter3389416419746831432.jar C:\Windows\Temp\surefire2470714087944148636 2021-05-01T16-51-05_719-jvmRun1 surefire1832190778705330651tmp surefire_07708408679021141583tmp"/>
    <property name="surefire.test.class.path" value="C:\Users\AVINSH\git\MayMAven\target\test-classes;C:\Users\AVINSH\git\MayMAven\target\classes;C:\WINDOWS\system32\config\systemprofile\.m2\repository\org\testng\testng\7.4.0\testng-7.4.0.jar;C:\WINDOWS\system32\config\systemprofile\.m2\repository\com\beust\jcommander\1.78\jcommander-1.78.jar;C:\WINDOWS\system32\config\systemprofile\.m2\repository\org\webjars\jquery\3.5.1\jquery-3.5.1.jar;C:\WINDOWS\system32\config\systemprofile\.m2\repository\org\seleniumhq\selenium\selenium-java\3.141.59\selenium-java-3.141.59.jar;C:\WINDOWS\system32\config\systemprofile\.m2\repository\org\seleniumhq\selenium\selenium-api\3.141.59\selenium-api-3.141.59.jar;C:\WINDOWS\system32\config\systemprofile\.m2\repository\org\seleniumhq\selenium\selenium-chrome-driver\3.141.59\selenium-chrome-driver-3.141.59.jar;C:\WINDOWS\system32\config\systemprofile\.m2\repository\org\seleniumhq\selenium\selenium-edge-driver\3.141.59\selenium-edge-driver-3.141.59.jar;C:\WINDOWS\system32\config\systemprofile\.m2\repository\org\seleniumhq\selenium\selenium-firefox-driver\3.141.59\selenium-firefox-driver-3.141.59.jar;C:\WINDOWS\system32\config\systemprofile\.m2\repository\org\seleniumhq\selenium\selenium-ie-driver\3.141.59\selenium-ie-driver-3.141.59.jar;C:\WINDOWS\system32\config\systemprofile\.m2\repository\org\seleniumhq\selenium\selenium-opera-driver\3.141.59\selenium-opera-driver-3.141.59.jar;C:\WINDOWS\system32\config\systemprofile\.m2\repository\org\seleniumhq\selenium\selenium-remote-driver\3.141.59\selenium-remote-driver-3.141.59.jar;C:\WINDOWS\system32\config\systemprofile\.m2\repository\org\seleniumhq\selenium\selenium-safari-driver\3.141.59\selenium-safari-driver-3.141.59.jar;C:\WINDOWS\system32\config\systemprofile\.m2\repository\org\seleniumhq\selenium\selenium-support\3.141.59\selenium-support-3.141.59.jar;C:\WINDOWS\system32\config\systemprofile\.m2\repository\net\bytebuddy\byte-buddy\1.8.15\byte-buddy-1.8.15.jar;C:\WINDOWS\system32\config\systemprofile\.m2\repository\org\apache\commons\commons-exec\1.3\commons-exec-1.3.jar;C:\WINDOWS\system32\config\systemprofile\.m2\repository\com\google\guava\guava\25.0-jre\guava-25.0-jre.jar;C:\WINDOWS\system32\config\systemprofile\.m2\repository\com\google\code\findbugs\jsr305\1.3.9\jsr305-1.3.9.jar;C:\WINDOWS\system32\config\systemprofile\.m2\repository\org\checkerframework\checker-compat-qual\2.0.0\checker-compat-qual-2.0.0.jar;C:\WINDOWS\system32\config\systemprofile\.m2\repository\com\google\errorprone\error_prone_annotations\2.1.3\error_prone_annotations-2.1.3.jar;C:\WINDOWS\system32\config\systemprofile\.m2\repository\com\google\j2objc\j2objc-annotations\1.1\j2objc-annotations-1.1.jar;C:\WINDOWS\system32\config\systemprofile\.m2\repository\org\codehaus\mojo\animal-sniffer-annotations\1.14\animal-sniffer-annotations-1.14.jar;C:\WINDOWS\system32\config\systemprofile\.m2\repository\com\squareup\okhttp3\okhttp\3.11.0\okhttp-3.11.0.jar;C:\WINDOWS\system32\config\systemprofile\.m2\repository\com\squareup\okio\okio\1.14.0\okio-1.14.0.jar;"/>
    <property name="sun.cpu.endian" value="little"/>
    <property name="user.home" value="C:\WINDOWS\system32\config\systemprofile"/>
    <property name="user.language" value="en"/>
    <property name="java.specification.vendor" value="Oracle Corporation"/>
    <property name="java.home" value="C:\Program Files\Java\jdk1.8.0_144\jre"/>
    <property name="basedir" value="C:\Users\AVINSH\git\MayMAven"/>
    <property name="file.separator" value="\"/>
    <property name="line.separator" value="&#10;"/>
    <property name="java.vm.specification.vendor" value="Oracle Corporation"/>
    <property name="java.specification.name" value="Java Platform API Specification"/>
    <property name="java.awt.graphicsenv" value="sun.awt.Win32GraphicsEnvironment"/>
    <property name="surefire.real.class.path" value="C:\Windows\Temp\surefire2470714087944148636\surefirebooter3389416419746831432.jar"/>
    <property name="sun.boot.class.path" value="C:\Program Files\Java\jdk1.8.0_144\jre\lib\resources.jar;C:\Program Files\Java\jdk1.8.0_144\jre\lib\rt.jar;C:\Program Files\Java\jdk1.8.0_144\jre\lib\sunrsasign.jar;C:\Program Files\Java\jdk1.8.0_144\jre\lib\jsse.jar;C:\Program Files\Java\jdk1.8.0_144\jre\lib\jce.jar;C:\Program Files\Java\jdk1.8.0_144\jre\lib\charsets.jar;C:\Program Files\Java\jdk1.8.0_144\jre\lib\jfr.jar;C:\Program Files\Java\jdk1.8.0_144\jre\classes"/>
    <property name="user.script" value=""/>
    <property name="sun.management.compiler" value="HotSpot 64-Bit Tiered Compilers"/>
    <property name="java.runtime.version" value="1.8.0_144-b01"/>
    <property name="user.name" value="LAPTOP-M7E66H8V$"/>
    <property name="path.separator" value=";"/>
    <property name="os.version" value="10.0"/>
    <property name="java.endorsed.dirs" value="C:\Program Files\Java\jdk1.8.0_144\jre\lib\endorsed"/>
    <property name="java.runtime.name" value="Java(TM) SE Runtime Environment"/>
    <property name="file.encoding" value="Cp1252"/>
    <property name="java.vm.name" value="Java HotSpot(TM) 64-Bit Server VM"/>
    <property name="localRepository" value="C:\WINDOWS\system32\config\systemprofile\.m2\repository"/>
    <property name="java.vendor.url.bug" value="http://bugreport.sun.com/bugreport/"/>
    <property name="java.io.tmpdir" value="C:\WINDOWS\TEMP\"/>
    <property name="java.version" value="1.8.0_144"/>
    <property name="user.dir" value="C:\Users\AVINSH\git\MayMAven"/>
    <property name="os.arch" value="amd64"/>
    <property name="java.vm.specification.name" value="Java Virtual Machine Specification"/>
    <property name="java.awt.printerjob" value="sun.awt.windows.WPrinterJob"/>
    <property name="sun.os.patch.level" value=""/>
    <property name="java.library.path" value="C:\Program Files\Java\jdk1.8.0_144\jre\bin;C:\WINDOWS\Sun\Java\bin;C:\WINDOWS\system32;C:\WINDOWS;C:\Users\AVINSH\Downloads\apache-maven-3.8.1/bin;C:\ProgramData\Oracle\Java\javapath;C:\WINDOWS\system32;C:\WINDOWS;C:\WINDOWS\System32\Wbem;C:\WINDOWS\System32\WindowsPowerShell\v1.0\;C:\WINDOWS\System32\OpenSSH\;c:\Program Files (x86)\Microsoft SQL Server\90\Tools\binn\;C:\WINDOWS\system32\config\systemprofile\AppData\Local\Microsoft\WindowsApps;."/>
    <property name="java.vm.info" value="mixed mode"/>
    <property name="java.vendor" value="Oracle Corporation"/>
    <property name="java.vm.version" value="25.144-b01"/>
    <property name="java.ext.dirs" value="C:\Program Files\Java\jdk1.8.0_144\jre\lib\ext;C:\WINDOWS\Sun\Java\lib\ext"/>
    <property name="sun.io.unicode.encoding" value="UnicodeLittle"/>
    <property name="java.class.version" value="52.0"/>
  </properties>
  <testcase name="BC" classname="Maven_May.MayMAven.Test_1" time="5.098">
    <failure message="unknown error: cannot find Chrome binary&#10;Build info: version: &apos;3.141.59&apos;, revision: &apos;e82be7d358&apos;, time: &apos;2018-11-14T08:17:03&apos;&#10;System info: host: &apos;LAPTOP-M7E66H8V&apos;, ip: &apos;192.168.43.69&apos;, os.name: &apos;Windows 10&apos;, os.arch: &apos;amd64&apos;, os.version: &apos;10.0&apos;, java.version: &apos;1.8.0_144&apos;&#10;Driver info: driver.version: ChromeDriver&#10;remote stacktrace: Backtrace:&#10;	Ordinal0 [0x00C5C013+2474003]&#10;	Ordinal0 [0x00BF29C1+2042305]&#10;	Ordinal0 [0x00B02F68+1060712]&#10;	Ordinal0 [0x00B1C626+1164838]&#10;	Ordinal0 [0x00B1AA83+1157763]&#10;	Ordinal0 [0x00B4A2A2+1352354]&#10;	Ordinal0 [0x00B48FAA+1347498]&#10;	Ordinal0 [0x00B466DB+1337051]&#10;	Ordinal0 [0x00B23427+1192999]&#10;	Ordinal0 [0x00B242EE+1196782]&#10;	Ordinal0 [0x00B24279+1196665]&#10;	GetHandleVerifier [0x00DE96FC+1590332]&#10;	GetHandleVerifier [0x00E98614+2306900]&#10;	GetHandleVerifier [0x00CE9E93+543699]&#10;	GetHandleVerifier [0x00CE92CE+540686]&#10;	Ordinal0 [0x00BF86BA+2066106]&#10;	Ordinal0 [0x00BFD1C8+2085320]&#10;	Ordinal0 [0x00BFD308+2085640]&#10;	Ordinal0 [0x00C067F3+2123763]&#10;	BaseThreadInitThunk [0x76E9FA29+25]&#10;	RtlGetAppContainerNamedObjectPath [0x77447A4E+286]&#10;	RtlGetAppContainerNamedObjectPath [0x77447A1E+238]&#10;" type="org.openqa.selenium.WebDriverException"><![CDATA[org.openqa.selenium.WebDriverException: 
unknown error: cannot find Chrome binary
Build info: version: '3.141.59', revision: 'e82be7d358', time: '2018-11-14T08:17:03'
System info: host: 'LAPTOP-M7E66H8V', ip: '192.168.43.69', os.name: 'Windows 10', os.arch: 'amd64', os.version: '10.0', java.version: '1.8.0_144'
Driver info: driver.version: ChromeDriver
remote stacktrace: Backtrace:
	Ordinal0 [0x00C5C013+2474003]
	Ordinal0 [0x00BF29C1+2042305]
	Ordinal0 [0x00B02F68+1060712]
	Ordinal0 [0x00B1C626+1164838]
	Ordinal0 [0x00B1AA83+1157763]
	Ordinal0 [0x00B4A2A2+1352354]
	Ordinal0 [0x00B48FAA+1347498]
	Ordinal0 [0x00B466DB+1337051]
	Ordinal0 [0x00B23427+1192999]
	Ordinal0 [0x00B242EE+1196782]
	Ordinal0 [0x00B24279+1196665]
	GetHandleVerifier [0x00DE96FC+1590332]
	GetHandleVerifier [0x00E98614+2306900]
	GetHandleVerifier [0x00CE9E93+543699]
	GetHandleVerifier [0x00CE92CE+540686]
	Ordinal0 [0x00BF86BA+2066106]
	Ordinal0 [0x00BFD1C8+2085320]
	Ordinal0 [0x00BFD308+2085640]
	Ordinal0 [0x00C067F3+2123763]
	BaseThreadInitThunk [0x76E9FA29+25]
	RtlGetAppContainerNamedObjectPath [0x77447A4E+286]
	RtlGetAppContainerNamedObjectPath [0x77447A1E+238]

	at Maven_May.MayMAven.Test_1.BC(Test_1.java:19)
]]></failure>
    <system-out><![CDATA[------------Before Test Running
Browser Open
]]></system-out>
    <system-err><![CDATA[Starting ChromeDriver 90.0.4430.24 (4c6d850f087da467d926e8eddb76550aed655991-refs/branch-heads/4430@{#429}) on port 40235
Only local connections are allowed.
Please see https://chromedriver.chromium.org/security-considerations for suggestions on keeping ChromeDriver safe.
ChromeDriver was started successfully.
]]></system-err>
  </testcase>
  <testcase name="BM" classname="Maven_May.MayMAven.Test_1" time="0">
    <skipped/>
  </testcase>
  <testcase name="BM" classname="Maven_May.MayMAven.Test_1" time="0">
    <skipped/>
  </testcase>
  <testcase name="BM" classname="Maven_May.MayMAven.Test_1" time="0">
    <skipped/>
  </testcase>
  <testcase name="main" classname="Maven_May.MayMAven.Test_1" time="0">
    <skipped message="unknown error: cannot find Chrome binary&#10;Build info: version: &apos;3.141.59&apos;, revision: &apos;e82be7d358&apos;, time: &apos;2018-11-14T08:17:03&apos;&#10;System info: host: &apos;LAPTOP-M7E66H8V&apos;, ip: &apos;192.168.43.69&apos;, os.name: &apos;Windows 10&apos;, os.arch: &apos;amd64&apos;, os.version: &apos;10.0&apos;, java.version: &apos;1.8.0_144&apos;&#10;Driver info: driver.version: ChromeDriver&#10;remote stacktrace: Backtrace:&#10;	Ordinal0 [0x00C5C013+2474003]&#10;	Ordinal0 [0x00BF29C1+2042305]&#10;	Ordinal0 [0x00B02F68+1060712]&#10;	Ordinal0 [0x00B1C626+1164838]&#10;	Ordinal0 [0x00B1AA83+1157763]&#10;	Ordinal0 [0x00B4A2A2+1352354]&#10;	Ordinal0 [0x00B48FAA+1347498]&#10;	Ordinal0 [0x00B466DB+1337051]&#10;	Ordinal0 [0x00B23427+1192999]&#10;	Ordinal0 [0x00B242EE+1196782]&#10;	Ordinal0 [0x00B24279+1196665]&#10;	GetHandleVerifier [0x00DE96FC+1590332]&#10;	GetHandleVerifier [0x00E98614+2306900]&#10;	GetHandleVerifier [0x00CE9E93+543699]&#10;	GetHandleVerifier [0x00CE92CE+540686]&#10;	Ordinal0 [0x00BF86BA+2066106]&#10;	Ordinal0 [0x00BFD1C8+2085320]&#10;	Ordinal0 [0x00BFD308+2085640]&#10;	Ordinal0 [0x00C067F3+2123763]&#10;	BaseThreadInitThunk [0x76E9FA29+25]&#10;	RtlGetAppContainerNamedObjectPath [0x77447A4E+286]&#10;	RtlGetAppContainerNamedObjectPath [0x77447A1E+238]&#10;"/>
  </testcase>
  <testcase name="AM" classname="Maven_May.MayMAven.Test_1" time="0">
    <skipped/>
  </testcase>
  <testcase name="AM" classname="Maven_May.MayMAven.Test_1" time="0">
    <skipped/>
  </testcase>
  <testcase name="AM" classname="Maven_May.MayMAven.Test_1" time="0">
    <skipped/>
  </testcase>
  <testcase name="Test1" classname="Maven_May.MayMAven.Test_1" time="0">
    <skipped message="unknown error: cannot find Chrome binary&#10;Build info: version: &apos;3.141.59&apos;, revision: &apos;e82be7d358&apos;, time: &apos;2018-11-14T08:17:03&apos;&#10;System info: host: &apos;LAPTOP-M7E66H8V&apos;, ip: &apos;192.168.43.69&apos;, os.name: &apos;Windows 10&apos;, os.arch: &apos;amd64&apos;, os.version: &apos;10.0&apos;, java.version: &apos;1.8.0_144&apos;&#10;Driver info: driver.version: ChromeDriver&#10;remote stacktrace: Backtrace:&#10;	Ordinal0 [0x00C5C013+2474003]&#10;	Ordinal0 [0x00BF29C1+2042305]&#10;	Ordinal0 [0x00B02F68+1060712]&#10;	Ordinal0 [0x00B1C626+1164838]&#10;	Ordinal0 [0x00B1AA83+1157763]&#10;	Ordinal0 [0x00B4A2A2+1352354]&#10;	Ordinal0 [0x00B48FAA+1347498]&#10;	Ordinal0 [0x00B466DB+1337051]&#10;	Ordinal0 [0x00B23427+1192999]&#10;	Ordinal0 [0x00B242EE+1196782]&#10;	Ordinal0 [0x00B24279+1196665]&#10;	GetHandleVerifier [0x00DE96FC+1590332]&#10;	GetHandleVerifier [0x00E98614+2306900]&#10;	GetHandleVerifier [0x00CE9E93+543699]&#10;	GetHandleVerifier [0x00CE92CE+540686]&#10;	Ordinal0 [0x00BF86BA+2066106]&#10;	Ordinal0 [0x00BFD1C8+2085320]&#10;	Ordinal0 [0x00BFD308+2085640]&#10;	Ordinal0 [0x00C067F3+2123763]&#10;	BaseThreadInitThunk [0x76E9FA29+25]&#10;	RtlGetAppContainerNamedObjectPath [0x77447A4E+286]&#10;	RtlGetAppContainerNamedObjectPath [0x77447A1E+238]&#10;"/>
  </testcase>
  <testcase name="Test2" classname="Maven_May.MayMAven.Test_1" time="0">
    <skipped message="unknown error: cannot find Chrome binary&#10;Build info: version: &apos;3.141.59&apos;, revision: &apos;e82be7d358&apos;, time: &apos;2018-11-14T08:17:03&apos;&#10;System info: host: &apos;LAPTOP-M7E66H8V&apos;, ip: &apos;192.168.43.69&apos;, os.name: &apos;Windows 10&apos;, os.arch: &apos;amd64&apos;, os.version: &apos;10.0&apos;, java.version: &apos;1.8.0_144&apos;&#10;Driver info: driver.version: ChromeDriver&#10;remote stacktrace: Backtrace:&#10;	Ordinal0 [0x00C5C013+2474003]&#10;	Ordinal0 [0x00BF29C1+2042305]&#10;	Ordinal0 [0x00B02F68+1060712]&#10;	Ordinal0 [0x00B1C626+1164838]&#10;	Ordinal0 [0x00B1AA83+1157763]&#10;	Ordinal0 [0x00B4A2A2+1352354]&#10;	Ordinal0 [0x00B48FAA+1347498]&#10;	Ordinal0 [0x00B466DB+1337051]&#10;	Ordinal0 [0x00B23427+1192999]&#10;	Ordinal0 [0x00B242EE+1196782]&#10;	Ordinal0 [0x00B24279+1196665]&#10;	GetHandleVerifier [0x00DE96FC+1590332]&#10;	GetHandleVerifier [0x00E98614+2306900]&#10;	GetHandleVerifier [0x00CE9E93+543699]&#10;	GetHandleVerifier [0x00CE92CE+540686]&#10;	Ordinal0 [0x00BF86BA+2066106]&#10;	Ordinal0 [0x00BFD1C8+2085320]&#10;	Ordinal0 [0x00BFD308+2085640]&#10;	Ordinal0 [0x00C067F3+2123763]&#10;	BaseThreadInitThunk [0x76E9FA29+25]&#10;	RtlGetAppContainerNamedObjectPath [0x77447A4E+286]&#10;	RtlGetAppContainerNamedObjectPath [0x77447A1E+238]&#10;"/>
  </testcase>
  <testcase name="AC" classname="Maven_May.MayMAven.Test_1" time="0">
    <skipped/>
  </testcase>
  <testcase name="AT" classname="Maven_May.MayMAven.Test_1" time="0">
    <skipped/>
  </testcase>
</testsuite>